1595722811289	mozrunner::runner	INFO	Running command: "/usr/bin/firefox" "-marionette" "-headless" "-foreground" "-no-remote" "-profile" "/tmp/rust_mozprofileCT2R9d"
*** You are running in headless mode.
1595722814076	Marionette	INFO	Listening on port 42873
1595722814105	Marionette	WARN	TLS certificate errors will be ignored for this session
1595722815469	Marionette	INFO	Stopped listening on port 42873
1595722855803	mozrunner::runner	INFO	Running command: "/usr/bin/firefox" "-marionette" "-headless" "-foreground" "-no-remote" "-profile" "/tmp/rust_mozprofile4tH5qN"
*** You are running in headless mode.
1595722858320	Marionette	INFO	Listening on port 45401
1595722858442	Marionette	WARN	TLS certificate errors will be ignored for this session
1595722859714	Marionette	INFO	Stopped listening on port 45401
1595722954618	mozrunner::runner	INFO	Running command: "/usr/bin/firefox" "-marionette" "-headless" "-foreground" "-no-remote" "-profile" "/tmp/rust_mozprofileSs23rY"
*** You are running in headless mode.
1595722957003	Marionette	INFO	Listening on port 41301
1595722957031	Marionette	WARN	TLS certificate errors will be ignored for this session
1595722958320	Marionette	INFO	Stopped listening on port 41301
1595723248304	mozrunner::runner	INFO	Running command: "/usr/bin/firefox" "-marionette" "-headless" "-foreground" "-no-remote" "-profile" "/tmp/rust_mozprofileBdaF4x"
*** You are running in headless mode.
1595723250759	Marionette	INFO	Listening on port 37819
1595723250826	Marionette	WARN	TLS certificate errors will be ignored for this session
1595723252161	Marionette	INFO	Stopped listening on port 37819
1595723329902	mozrunner::runner	INFO	Running command: "/usr/bin/firefox" "-marionette" "-headless" "-foreground" "-no-remote" "-profile" "/tmp/rust_mozprofile7duXCA"
*** You are running in headless mode.
1595723332391	Marionette	INFO	Listening on port 37547
1595723332419	Marionette	WARN	TLS certificate errors will be ignored for this session
1595723333696	Marionette	INFO	Stopped listening on port 37547
1595757258699	mozrunner::runner	INFO	Running command: "/usr/bin/firefox" "-marionette" "-headless" "-foreground" "-no-remote" "-profile" "/tmp/rust_mozprofile8am8fI"
*** You are running in headless mode.
1595757261288	Marionette	INFO	Listening on port 35903
1595757261328	Marionette	WARN	TLS certificate errors will be ignored for this session
1595757262608	Marionette	INFO	Stopped listening on port 35903
1595757395029	mozrunner::runner	INFO	Running command: "/usr/bin/firefox" "-marionette" "-headless" "-foreground" "-no-remote" "-profile" "/tmp/rust_mozprofileZ7Ibf0"
*** You are running in headless mode.
1595757397552	Marionette	INFO	Listening on port 38807
1595757397654	Marionette	WARN	TLS certificate errors will be ignored for this session
1595757398970	Marionette	INFO	Stopped listening on port 38807

###!!! [Parent][RunMessage] Error: Channel closing: too late to send/recv, messages will be lost


###!!! [Parent][RunMessage] Error: Channel closing: too late to send/recv, messages will be lost

